ERROR - 2017-07-11 11:12:46 --> Severity: Warning --> include(uploads/errors/html\error_general.php): failed to open stream: No such file or directory E:\wamp64\www\RAVI\songsmp3\system\core\Exceptions.php 182
ERROR - 2017-07-11 11:12:46 --> Severity: Warning --> include(): Failed opening 'uploads/errors/html\error_general.php' for inclusion (include_path='.;C:\php\pear') E:\wamp64\www\RAVI\songsmp3\system\core\Exceptions.php 182
ERROR - 2017-07-11 11:16:31 --> Severity: Warning --> include(uploads/errors/html\error_general.php): failed to open stream: No such file or directory E:\wamp64\www\RAVI\songsmp3\system\core\Exceptions.php 182
ERROR - 2017-07-11 11:16:31 --> Severity: Warning --> include(): Failed opening 'uploads/errors/html\error_general.php' for inclusion (include_path='.;C:\php\pear') E:\wamp64\www\RAVI\songsmp3\system\core\Exceptions.php 182
ERROR - 2017-07-11 11:16:58 --> Severity: Warning --> include(uploads/errors/html\error_general.php): failed to open stream: No such file or directory E:\wamp64\www\RAVI\songsmp3\system\core\Exceptions.php 182
ERROR - 2017-07-11 11:16:58 --> Severity: Warning --> include(): Failed opening 'uploads/errors/html\error_general.php' for inclusion (include_path='.;C:\php\pear') E:\wamp64\www\RAVI\songsmp3\system\core\Exceptions.php 182
ERROR - 2017-07-11 11:37:40 --> Query error: Cannot add or update a child row: a foreign key constraint fails (`songs`.`pages`, CONSTRAINT `key_parent_page` FOREIGN KEY (`parent_id`) REFERENCES `pages` (`id`) ON DELETE CASCADE) - Invalid query: INSERT INTO `pages` (`name`, `description`, `slug`, `parent_id`, `meta_tag`, `meta_keywords`, `meta_descriptions`, `meta_title`, `sort`, `disabled`) VALUES ('page1', '<p>\r\n	dfdsf</p>\r\n', 'page', '', '', NULL, '', '', '', '')
ERROR - 2017-07-11 11:37:40 --> Severity: Warning --> include(uploads/errors/html\error_db.php): failed to open stream: No such file or directory E:\wamp64\www\RAVI\songsmp3\system\core\Exceptions.php 182
ERROR - 2017-07-11 11:37:40 --> Severity: Warning --> include(): Failed opening 'uploads/errors/html\error_db.php' for inclusion (include_path='.;C:\php\pear') E:\wamp64\www\RAVI\songsmp3\system\core\Exceptions.php 182
ERROR - 2017-07-11 11:38:24 --> Query error: Cannot add or update a child row: a foreign key constraint fails (`songs`.`pages`, CONSTRAINT `key_parent_page` FOREIGN KEY (`parent_id`) REFERENCES `pages` (`id`) ON DELETE CASCADE) - Invalid query: INSERT INTO `pages` (`name`, `description`, `slug`, `parent_id`, `meta_tag`, `meta_keywords`, `meta_descriptions`, `meta_title`, `sort`, `disabled`) VALUES ('page1', '<p>\r\n	dfdsf</p>\r\n', 'page', '0', '', NULL, '', '', '', '')
ERROR - 2017-07-11 11:38:24 --> Severity: Warning --> include(uploads/errors/html\error_db.php): failed to open stream: No such file or directory E:\wamp64\www\RAVI\songsmp3\system\core\Exceptions.php 182
ERROR - 2017-07-11 11:38:24 --> Severity: Warning --> include(): Failed opening 'uploads/errors/html\error_db.php' for inclusion (include_path='.;C:\php\pear') E:\wamp64\www\RAVI\songsmp3\system\core\Exceptions.php 182
ERROR - 2017-07-11 11:43:08 --> Query error: Cannot add or update a child row: a foreign key constraint fails (`songs`.`pages`, CONSTRAINT `key_parent_page` FOREIGN KEY (`parent_id`) REFERENCES `pages` (`id`) ON DELETE CASCADE) - Invalid query: INSERT INTO `pages` (`name`, `description`, `slug`, `parent_id`, `meta_tag`, `meta_keywords`, `meta_descriptions`, `meta_title`, `sort`, `disabled`) VALUES ('hello', '<p>\r\n	sdsdsd</p>\r\n', 'hello', '0', 'ghj', 'hgjhg', 'hjhgj', 'hhjhgj', '', '')
ERROR - 2017-07-11 11:43:08 --> Severity: Warning --> include(uploads/errors/html\error_db.php): failed to open stream: No such file or directory E:\wamp64\www\RAVI\songsmp3\system\core\Exceptions.php 182
ERROR - 2017-07-11 11:43:08 --> Severity: Warning --> include(): Failed opening 'uploads/errors/html\error_db.php' for inclusion (include_path='.;C:\php\pear') E:\wamp64\www\RAVI\songsmp3\system\core\Exceptions.php 182
ERROR - 2017-07-11 12:02:37 --> Query error: Unknown column 'jb80bb774.cid' in 'field list' - Invalid query: SELECT `file`.*, jb80bb774.cid AS sb80bb774, `file`.cid AS 'file.cid'
FROM `file`
LEFT JOIN `category` as `jb80bb774` ON `jb80bb774`.`id` = `file`.`id`
 LIMIT 10
ERROR - 2017-07-11 12:02:37 --> Severity: Warning --> include(uploads/errors/html\error_db.php): failed to open stream: No such file or directory E:\wamp64\www\RAVI\songsmp3\system\core\Exceptions.php 182
ERROR - 2017-07-11 12:02:37 --> Severity: Warning --> include(): Failed opening 'uploads/errors/html\error_db.php' for inclusion (include_path='.;C:\php\pear') E:\wamp64\www\RAVI\songsmp3\system\core\Exceptions.php 182
