ERROR - 2017-07-13 05:07:53 --> Query error: You have an error in your SQL syntax; check the manual that corresponds to your MySQL server version for the right syntax to use near 'WHERE  cat_id =  4 )         
                
        
         limit 0,500' at line 9 - Invalid query: SELECT 
		SQL_CALC_FOUND_ROWS
		  p.name,
		  p.slug,
		  grop_concat(t.tag)
          FROM pages p                 
                  LEFT JOIN  tag_pages tp ON tp.page_id = p.id 
                   LEFT JOIN  tags tp ON t.id = tp.page_id 
          where p.id in(select page_id from cat_pages where  WHERE  cat_id =  4 )         
                
        
         limit 0,500
ERROR - 2017-07-13 05:07:53 --> Severity: Warning --> include(uploads/errors/html\error_db.php): failed to open stream: No such file or directory E:\wamp64\www\RAVI\songsmp3\system\core\Exceptions.php 182
ERROR - 2017-07-13 05:07:54 --> Severity: Warning --> include(): Failed opening 'uploads/errors/html\error_db.php' for inclusion (include_path='.;C:\php\pear') E:\wamp64\www\RAVI\songsmp3\system\core\Exceptions.php 182
ERROR - 2017-07-13 05:07:55 --> Severity: Warning --> mysqli::set_charset(): MySQL server has gone away E:\wamp64\www\RAVI\songsmp3\system\database\drivers\mysqli\mysqli_driver.php 275
ERROR - 2017-07-13 05:07:55 --> Severity: Warning --> mysqli::set_charset(): Error reading result set's header E:\wamp64\www\RAVI\songsmp3\system\database\drivers\mysqli\mysqli_driver.php 275
ERROR - 2017-07-13 05:07:55 --> Severity: Warning --> mysqli::set_charset(): Error executing query E:\wamp64\www\RAVI\songsmp3\system\database\drivers\mysqli\mysqli_driver.php 275
ERROR - 2017-07-13 05:07:55 --> Unable to set database connection charset: utf8
ERROR - 2017-07-13 10:39:00 --> Query error: You have an error in your SQL syntax; check the manual that corresponds to your MySQL server version for the right syntax to use near 'WHERE  cat_id =  5 )         
                
        
         limit 0,500' at line 9 - Invalid query: SELECT 
		SQL_CALC_FOUND_ROWS
		  p.name,
		  p.slug,
		  grop_concat(t.tag)
          FROM pages p                 
                  LEFT JOIN  tag_pages tp ON tp.page_id = p.id 
                   LEFT JOIN  tags tp ON t.id = tp.page_id 
          where p.id in(select page_id from cat_pages where  WHERE  cat_id =  5 )         
                
        
         limit 0,500
ERROR - 2017-07-13 10:39:00 --> Severity: Warning --> include(uploads/errors/html\error_db.php): failed to open stream: No such file or directory E:\wamp64\www\RAVI\songsmp3\system\core\Exceptions.php 182
ERROR - 2017-07-13 10:39:00 --> Severity: Warning --> include(): Failed opening 'uploads/errors/html\error_db.php' for inclusion (include_path='.;C:\php\pear') E:\wamp64\www\RAVI\songsmp3\system\core\Exceptions.php 182
ERROR - 2017-07-13 10:41:35 --> Query error: Unknown column 'p.name' in 'field list' - Invalid query: SELECT 
		SQL_CALC_FOUND_ROWS
		  p.name,
		  p.slug,
		  grop_concat(t.tag)
          FROM cat_pages catp                 
                  LEFT JOIN  pages tp ON tp.page_id = catp.cat_id 
                   
           WHERE  cat_id =  5         
                
        
         limit 0,500
ERROR - 2017-07-13 10:41:35 --> Severity: Warning --> include(uploads/errors/html\error_db.php): failed to open stream: No such file or directory E:\wamp64\www\RAVI\songsmp3\system\core\Exceptions.php 182
ERROR - 2017-07-13 10:41:35 --> Severity: Warning --> include(): Failed opening 'uploads/errors/html\error_db.php' for inclusion (include_path='.;C:\php\pear') E:\wamp64\www\RAVI\songsmp3\system\core\Exceptions.php 182
ERROR - 2017-07-13 10:41:53 --> Query error: Unknown column 'p.page_id' in 'on clause' - Invalid query: SELECT 
		SQL_CALC_FOUND_ROWS
		  p.name,
		  p.slug
          FROM cat_pages catp                 
                  LEFT JOIN  pages p ON p.page_id = catp.cat_id 
                   
           WHERE  cat_id =  5         
                
        
         limit 0,500
ERROR - 2017-07-13 10:41:53 --> Severity: Warning --> include(uploads/errors/html\error_db.php): failed to open stream: No such file or directory E:\wamp64\www\RAVI\songsmp3\system\core\Exceptions.php 182
ERROR - 2017-07-13 10:41:53 --> Severity: Warning --> include(): Failed opening 'uploads/errors/html\error_db.php' for inclusion (include_path='.;C:\php\pear') E:\wamp64\www\RAVI\songsmp3\system\core\Exceptions.php 182
ERROR - 2017-07-13 13:17:50 --> Query error: Unknown column 'p.slug' in 'field list' - Invalid query: SELECT 
		SQL_CALC_FOUND_ROWS
		  t.tag,
		  p.slug
          FROM tag_pages tagp                 
                  LEFT JOIN  tags t ON t.id = tagp.tag_id 
                   
           WHERE 7         
                
        group by p.id
         limit 0,500
ERROR - 2017-07-13 13:17:50 --> Severity: Warning --> include(uploads/errors/html\error_db.php): failed to open stream: No such file or directory E:\wamp64\www\RAVI\songsmp3\system\core\Exceptions.php 182
ERROR - 2017-07-13 13:17:50 --> Severity: Warning --> include(): Failed opening 'uploads/errors/html\error_db.php' for inclusion (include_path='.;C:\php\pear') E:\wamp64\www\RAVI\songsmp3\system\core\Exceptions.php 182
ERROR - 2017-07-13 13:19:49 --> Query error: Unknown column 'p.slug' in 'field list' - Invalid query: SELECT 
		SQL_CALC_FOUND_ROWS
		  t.tag,
		  p.slug
          FROM tag_pages tagp                 
                  LEFT JOIN  tags t ON t.id = tagp.tag_id 
                   
           WHERE page_id=7         
                
        group by p.id
         limit 0,500
ERROR - 2017-07-13 13:19:49 --> Severity: Warning --> include(uploads/errors/html\error_db.php): failed to open stream: No such file or directory E:\wamp64\www\RAVI\songsmp3\system\core\Exceptions.php 182
ERROR - 2017-07-13 13:19:49 --> Severity: Warning --> include(): Failed opening 'uploads/errors/html\error_db.php' for inclusion (include_path='.;C:\php\pear') E:\wamp64\www\RAVI\songsmp3\system\core\Exceptions.php 182
ERROR - 2017-07-13 13:21:00 --> Query error: Unknown column 'p.slug' in 'field list' - Invalid query: SELECT 
		SQL_CALC_FOUND_ROWS
		  t.tag,
		  p.slug
          FROM tag_pages tagp                 
                  LEFT JOIN  tags t ON t.id = tagp.tag_id 
                   
           WHERE page_id=7         
                
        group by p.id
         limit 0,500
ERROR - 2017-07-13 13:21:00 --> Severity: Warning --> include(uploads/errors/html\error_db.php): failed to open stream: No such file or directory E:\wamp64\www\RAVI\songsmp3\system\core\Exceptions.php 182
ERROR - 2017-07-13 13:21:00 --> Severity: Warning --> include(): Failed opening 'uploads/errors/html\error_db.php' for inclusion (include_path='.;C:\php\pear') E:\wamp64\www\RAVI\songsmp3\system\core\Exceptions.php 182
ERROR - 2017-07-13 13:23:37 --> Query error: Unknown column 'p.slug' in 'field list' - Invalid query: SELECT 
		SQL_CALC_FOUND_ROWS
		  t.tag,
		  p.slug
          FROM tag_pages tagp                 
                  LEFT JOIN  tags t ON t.id = tagp.tag_id 
                   
           WHERE tagp.page_id=7         
                
        group by p.id
         limit 0,500
ERROR - 2017-07-13 13:23:37 --> Severity: Warning --> include(uploads/errors/html\error_db.php): failed to open stream: No such file or directory E:\wamp64\www\RAVI\songsmp3\system\core\Exceptions.php 182
ERROR - 2017-07-13 13:23:37 --> Severity: Warning --> include(): Failed opening 'uploads/errors/html\error_db.php' for inclusion (include_path='.;C:\php\pear') E:\wamp64\www\RAVI\songsmp3\system\core\Exceptions.php 182
ERROR - 2017-07-13 13:23:49 --> Query error: Unknown column 'p.slug' in 'field list' - Invalid query: SELECT 
		SQL_CALC_FOUND_ROWS
		  t.tag,
		  p.slug
          FROM tag_pages tagp                 
                  LEFT JOIN  tags t ON t.id = tagp.tag_id 
                   
           WHERE tagp.page_id=7         
                
        group by p.id
         limit 0,500
ERROR - 2017-07-13 13:23:49 --> Severity: Warning --> include(uploads/errors/html\error_db.php): failed to open stream: No such file or directory E:\wamp64\www\RAVI\songsmp3\system\core\Exceptions.php 182
ERROR - 2017-07-13 13:23:49 --> Severity: Warning --> include(): Failed opening 'uploads/errors/html\error_db.php' for inclusion (include_path='.;C:\php\pear') E:\wamp64\www\RAVI\songsmp3\system\core\Exceptions.php 182
ERROR - 2017-07-13 13:24:09 --> Query error: Unknown column 'p.slug' in 'field list' - Invalid query: SELECT 
		SQL_CALC_FOUND_ROWS
		  t.tag,
		  p.slug,
		  p.id
          FROM tag_pages tagp                 
                  LEFT JOIN  tags t ON t.id = tagp.tag_id 
                   
           WHERE tagp.page_id=7         
                
        group by p.id
         limit 0,500
ERROR - 2017-07-13 13:24:09 --> Severity: Warning --> include(uploads/errors/html\error_db.php): failed to open stream: No such file or directory E:\wamp64\www\RAVI\songsmp3\system\core\Exceptions.php 182
ERROR - 2017-07-13 13:24:09 --> Severity: Warning --> include(): Failed opening 'uploads/errors/html\error_db.php' for inclusion (include_path='.;C:\php\pear') E:\wamp64\www\RAVI\songsmp3\system\core\Exceptions.php 182
ERROR - 2017-07-13 13:24:43 --> Query error: Unknown column 'p.id' in 'group statement' - Invalid query: SELECT 
		SQL_CALC_FOUND_ROWS
		  t.tag
		
          FROM tag_pages tagp                 
                  LEFT JOIN  tags t ON t.id = tagp.tag_id 
                   
           WHERE tagp.page_id=7         
                
        group by p.id
         limit 0,500
ERROR - 2017-07-13 13:24:43 --> Severity: Warning --> include(uploads/errors/html\error_db.php): failed to open stream: No such file or directory E:\wamp64\www\RAVI\songsmp3\system\core\Exceptions.php 182
ERROR - 2017-07-13 13:24:43 --> Severity: Warning --> include(): Failed opening 'uploads/errors/html\error_db.php' for inclusion (include_path='.;C:\php\pear') E:\wamp64\www\RAVI\songsmp3\system\core\Exceptions.php 182
