ERROR - 2017-07-17 08:35:40 --> Severity: Warning --> rmdir(E:\wamp64\www\RAVI\songsmp3\upload_files\10\): Directory not empty E:\wamp64\www\RAVI\songsmp3\application\modules\admin\controllers\Files.php 110
ERROR - 2017-07-17 08:36:24 --> Severity: Warning --> rmdir(E:\wamp64\www\RAVI\songsmp3\upload_files/5/10\): Directory not empty E:\wamp64\www\RAVI\songsmp3\application\modules\admin\controllers\Files.php 110
ERROR - 2017-07-17 08:40:33 --> Severity: Warning --> rmdir(E:\wamp64\www\RAVI\songsmp3\upload_files\10\10\): No such file or directory E:\wamp64\www\RAVI\songsmp3\application\modules\admin\controllers\Files.php 110
ERROR - 2017-07-17 08:41:18 --> Severity: Warning --> rmdir(E:\wamp64\www\RAVI\songsmp3\upload_files/2/10\10\): No such file or directory E:\wamp64\www\RAVI\songsmp3\application\modules\admin\controllers\Files.php 110
ERROR - 2017-07-17 08:41:50 --> Severity: Warning --> rmdir(E:\wamp64\www\RAVI\songsmp3\upload_files\10\10\): No such file or directory E:\wamp64\www\RAVI\songsmp3\application\modules\admin\controllers\Files.php 110
ERROR - 2017-07-17 08:42:56 --> Severity: Warning --> rmdir(E:\wamp64\www\RAVI\songsmp3\upload_files/5/6/10\10\): No such file or directory E:\wamp64\www\RAVI\songsmp3\application\modules\admin\controllers\Files.php 110
ERROR - 2017-07-17 12:38:18 --> Severity: error --> Exception: It seems that the folder "E:\wamp64\www\RAVI\songsmp3\upload_files/5/7" for the field name
					"dname" doesn't exists. Please create the folder and try again. E:\wamp64\www\RAVI\songsmp3\application\third_party\grocery_crud\libraries\Grocery_CRUD.php 5215
ERROR - 2017-07-17 12:38:18 --> Severity: Warning --> include(uploads/errors/html\error_exception.php): failed to open stream: No such file or directory E:\wamp64\www\RAVI\songsmp3\system\core\Exceptions.php 219
ERROR - 2017-07-17 12:38:18 --> Severity: Warning --> include(): Failed opening 'uploads/errors/html\error_exception.php' for inclusion (include_path='.;C:\php\pear') E:\wamp64\www\RAVI\songsmp3\system\core\Exceptions.php 219
ERROR - 2017-07-17 12:38:52 --> Severity: error --> Exception: It seems that the folder "E:\wamp64\www\RAVI\songsmp3\upload_files/5/7" for the field name
					"dname" doesn't exists. Please create the folder and try again. E:\wamp64\www\RAVI\songsmp3\application\third_party\grocery_crud\libraries\Grocery_CRUD.php 5215
ERROR - 2017-07-17 12:38:52 --> Severity: Warning --> include(uploads/errors/html\error_exception.php): failed to open stream: No such file or directory E:\wamp64\www\RAVI\songsmp3\system\core\Exceptions.php 219
ERROR - 2017-07-17 12:38:52 --> Severity: Warning --> include(): Failed opening 'uploads/errors/html\error_exception.php' for inclusion (include_path='.;C:\php\pear') E:\wamp64\www\RAVI\songsmp3\system\core\Exceptions.php 219
ERROR - 2017-07-17 12:39:58 --> Severity: error --> Exception: It seems that the folder "E:\wamp64\www\RAVI\songsmp3\cid" for the field name
					"dname" doesn't exists. Please create the folder and try again. E:\wamp64\www\RAVI\songsmp3\application\third_party\grocery_crud\libraries\Grocery_CRUD.php 5215
ERROR - 2017-07-17 12:39:58 --> Severity: Warning --> include(uploads/errors/html\error_exception.php): failed to open stream: No such file or directory E:\wamp64\www\RAVI\songsmp3\system\core\Exceptions.php 219
ERROR - 2017-07-17 12:39:58 --> Severity: Warning --> include(): Failed opening 'uploads/errors/html\error_exception.php' for inclusion (include_path='.;C:\php\pear') E:\wamp64\www\RAVI\songsmp3\system\core\Exceptions.php 219
ERROR - 2017-07-17 12:40:14 --> Severity: error --> Exception: It seems that the folder "E:\wamp64\www\RAVI\songsmp3\category" for the field name
					"dname" doesn't exists. Please create the folder and try again. E:\wamp64\www\RAVI\songsmp3\application\third_party\grocery_crud\libraries\Grocery_CRUD.php 5215
ERROR - 2017-07-17 12:40:14 --> Severity: Warning --> include(uploads/errors/html\error_exception.php): failed to open stream: No such file or directory E:\wamp64\www\RAVI\songsmp3\system\core\Exceptions.php 219
ERROR - 2017-07-17 12:40:14 --> Severity: Warning --> include(): Failed opening 'uploads/errors/html\error_exception.php' for inclusion (include_path='.;C:\php\pear') E:\wamp64\www\RAVI\songsmp3\system\core\Exceptions.php 219
ERROR - 2017-07-17 12:40:34 --> Severity: error --> Exception: It seems that the folder "E:\wamp64\www\RAVI\songsmp3\E:\wamp64\www\RAVI\songsmp3\category" for the field name
					"dname" doesn't exists. Please create the folder and try again. E:\wamp64\www\RAVI\songsmp3\application\third_party\grocery_crud\libraries\Grocery_CRUD.php 5215
ERROR - 2017-07-17 12:40:34 --> Severity: Warning --> include(uploads/errors/html\error_exception.php): failed to open stream: No such file or directory E:\wamp64\www\RAVI\songsmp3\system\core\Exceptions.php 219
ERROR - 2017-07-17 12:40:34 --> Severity: Warning --> include(): Failed opening 'uploads/errors/html\error_exception.php' for inclusion (include_path='.;C:\php\pear') E:\wamp64\www\RAVI\songsmp3\system\core\Exceptions.php 219
ERROR - 2017-07-17 12:40:41 --> Severity: error --> Exception: It seems that the folder "E:\wamp64\www\RAVI\songsmp3\E:\wamp64\www\RAVI\songsmp3\{category}" for the field name
					"dname" doesn't exists. Please create the folder and try again. E:\wamp64\www\RAVI\songsmp3\application\third_party\grocery_crud\libraries\Grocery_CRUD.php 5215
ERROR - 2017-07-17 12:40:41 --> Severity: Warning --> include(uploads/errors/html\error_exception.php): failed to open stream: No such file or directory E:\wamp64\www\RAVI\songsmp3\system\core\Exceptions.php 219
ERROR - 2017-07-17 12:40:41 --> Severity: Warning --> include(): Failed opening 'uploads/errors/html\error_exception.php' for inclusion (include_path='.;C:\php\pear') E:\wamp64\www\RAVI\songsmp3\system\core\Exceptions.php 219
ERROR - 2017-07-17 12:40:46 --> Severity: error --> Exception: It seems that the folder "E:\wamp64\www\RAVI\songsmp3\E:\wamp64\www\RAVI\songsmp3\{cid}" for the field name
					"dname" doesn't exists. Please create the folder and try again. E:\wamp64\www\RAVI\songsmp3\application\third_party\grocery_crud\libraries\Grocery_CRUD.php 5215
ERROR - 2017-07-17 12:40:46 --> Severity: Warning --> include(uploads/errors/html\error_exception.php): failed to open stream: No such file or directory E:\wamp64\www\RAVI\songsmp3\system\core\Exceptions.php 219
ERROR - 2017-07-17 12:40:46 --> Severity: Warning --> include(): Failed opening 'uploads/errors/html\error_exception.php' for inclusion (include_path='.;C:\php\pear') E:\wamp64\www\RAVI\songsmp3\system\core\Exceptions.php 219
ERROR - 2017-07-17 12:46:01 --> Severity: error --> Exception: It seems that the folder "E:\wamp64\www\RAVI\songsmp3\assets/uploads/files" for the field name
					"dname" doesn't exists. Please create the folder and try again. E:\wamp64\www\RAVI\songsmp3\application\third_party\grocery_crud\libraries\Grocery_CRUD.php 5215
ERROR - 2017-07-17 12:46:01 --> Severity: Warning --> include(uploads/errors/html\error_exception.php): failed to open stream: No such file or directory E:\wamp64\www\RAVI\songsmp3\system\core\Exceptions.php 219
ERROR - 2017-07-17 12:46:01 --> Severity: Warning --> include(): Failed opening 'uploads/errors/html\error_exception.php' for inclusion (include_path='.;C:\php\pear') E:\wamp64\www\RAVI\songsmp3\system\core\Exceptions.php 219
ERROR - 2017-07-17 12:46:31 --> Severity: error --> Exception: It seems that the folder "E:\wamp64\www\RAVI\songsmp3\E:\wamp64\www\RAVI\songsmp3\uploads" for the field name
					"dname" doesn't exists. Please create the folder and try again. E:\wamp64\www\RAVI\songsmp3\application\third_party\grocery_crud\libraries\Grocery_CRUD.php 5215
ERROR - 2017-07-17 12:46:31 --> Severity: Warning --> include(uploads/errors/html\error_exception.php): failed to open stream: No such file or directory E:\wamp64\www\RAVI\songsmp3\system\core\Exceptions.php 219
ERROR - 2017-07-17 12:46:31 --> Severity: Warning --> include(): Failed opening 'uploads/errors/html\error_exception.php' for inclusion (include_path='.;C:\php\pear') E:\wamp64\www\RAVI\songsmp3\system\core\Exceptions.php 219
ERROR - 2017-07-17 12:46:37 --> Severity: error --> Exception: It seems that the folder "E:\wamp64\www\RAVI\songsmp3\E:\wamp64\www\RAVI\songsmp3\uploads" for the field name
					"dname" doesn't exists. Please create the folder and try again. E:\wamp64\www\RAVI\songsmp3\application\third_party\grocery_crud\libraries\Grocery_CRUD.php 5215
ERROR - 2017-07-17 12:46:37 --> Severity: Warning --> include(uploads/errors/html\error_exception.php): failed to open stream: No such file or directory E:\wamp64\www\RAVI\songsmp3\system\core\Exceptions.php 219
ERROR - 2017-07-17 12:46:37 --> Severity: Warning --> include(): Failed opening 'uploads/errors/html\error_exception.php' for inclusion (include_path='.;C:\php\pear') E:\wamp64\www\RAVI\songsmp3\system\core\Exceptions.php 219
ERROR - 2017-07-17 12:46:52 --> Severity: error --> Exception: It seems that the folder "E:\wamp64\www\RAVI\songsmp3\E:\wamp64\www\RAVI\songsmp3\uploads" for the field name
					"dname" doesn't exists. Please create the folder and try again. E:\wamp64\www\RAVI\songsmp3\application\third_party\grocery_crud\libraries\Grocery_CRUD.php 5215
ERROR - 2017-07-17 12:46:52 --> Severity: Warning --> include(uploads/errors/html\error_exception.php): failed to open stream: No such file or directory E:\wamp64\www\RAVI\songsmp3\system\core\Exceptions.php 219
ERROR - 2017-07-17 12:46:52 --> Severity: Warning --> include(): Failed opening 'uploads/errors/html\error_exception.php' for inclusion (include_path='.;C:\php\pear') E:\wamp64\www\RAVI\songsmp3\system\core\Exceptions.php 219
ERROR - 2017-07-17 12:47:46 --> Severity: error --> Exception: It seems that the folder "E:\wamp64\www\RAVI\songsmp3\E:\wamp64\www\RAVI\songsmp3\uploads" for the field name
					"dname" doesn't exists. Please create the folder and try again. E:\wamp64\www\RAVI\songsmp3\application\third_party\grocery_crud\libraries\Grocery_CRUD.php 5215
ERROR - 2017-07-17 12:47:46 --> Severity: Warning --> include(uploads/errors/html\error_exception.php): failed to open stream: No such file or directory E:\wamp64\www\RAVI\songsmp3\system\core\Exceptions.php 219
ERROR - 2017-07-17 12:47:46 --> Severity: Warning --> include(): Failed opening 'uploads/errors/html\error_exception.php' for inclusion (include_path='.;C:\php\pear') E:\wamp64\www\RAVI\songsmp3\system\core\Exceptions.php 219
ERROR - 2017-07-17 12:50:52 --> Severity: error --> Exception: It seems that the folder "E:\wamp64\www\RAVI\songsmp3\E:\wamp64\www\RAVI\songsmp3\uploads" for the field name
					"file" doesn't exists. Please create the folder and try again. E:\wamp64\www\RAVI\songsmp3\application\third_party\grocery_crud\libraries\Grocery_CRUD.php 5215
ERROR - 2017-07-17 12:50:52 --> Severity: Warning --> include(uploads/errors/html\error_exception.php): failed to open stream: No such file or directory E:\wamp64\www\RAVI\songsmp3\system\core\Exceptions.php 219
ERROR - 2017-07-17 12:50:52 --> Severity: Warning --> include(): Failed opening 'uploads/errors/html\error_exception.php' for inclusion (include_path='.;C:\php\pear') E:\wamp64\www\RAVI\songsmp3\system\core\Exceptions.php 219
ERROR - 2017-07-17 12:50:58 --> Severity: error --> Exception: It seems that the folder "E:\wamp64\www\RAVI\songsmp3\E:\wamp64\www\RAVI\songsmp3\uploads" for the field name
					"file" doesn't exists. Please create the folder and try again. E:\wamp64\www\RAVI\songsmp3\application\third_party\grocery_crud\libraries\Grocery_CRUD.php 5215
ERROR - 2017-07-17 12:50:58 --> Severity: Warning --> include(uploads/errors/html\error_exception.php): failed to open stream: No such file or directory E:\wamp64\www\RAVI\songsmp3\system\core\Exceptions.php 219
ERROR - 2017-07-17 12:50:58 --> Severity: Warning --> include(): Failed opening 'uploads/errors/html\error_exception.php' for inclusion (include_path='.;C:\php\pear') E:\wamp64\www\RAVI\songsmp3\system\core\Exceptions.php 219
ERROR - 2017-07-17 12:51:16 --> Severity: error --> Exception: It seems that the folder "E:\wamp64\www\RAVI\songsmp3\E:\wamp64\www\RAVI\songsmp3\uploads" for the field name
					"file" doesn't exists. Please create the folder and try again. E:\wamp64\www\RAVI\songsmp3\application\third_party\grocery_crud\libraries\Grocery_CRUD.php 5215
ERROR - 2017-07-17 12:51:16 --> Severity: Warning --> include(uploads/errors/html\error_exception.php): failed to open stream: No such file or directory E:\wamp64\www\RAVI\songsmp3\system\core\Exceptions.php 219
ERROR - 2017-07-17 12:51:16 --> Severity: Warning --> include(): Failed opening 'uploads/errors/html\error_exception.php' for inclusion (include_path='.;C:\php\pear') E:\wamp64\www\RAVI\songsmp3\system\core\Exceptions.php 219
ERROR - 2017-07-17 12:52:29 --> Severity: error --> Exception: It seems that the folder "E:\wamp64\www\RAVI\songsmp3\folder" for the field name
					"file" doesn't exists. Please create the folder and try again. E:\wamp64\www\RAVI\songsmp3\application\third_party\grocery_crud\libraries\Grocery_CRUD.php 5215
ERROR - 2017-07-17 12:52:29 --> Severity: Warning --> include(uploads/errors/html\error_exception.php): failed to open stream: No such file or directory E:\wamp64\www\RAVI\songsmp3\system\core\Exceptions.php 219
ERROR - 2017-07-17 12:52:29 --> Severity: Warning --> include(): Failed opening 'uploads/errors/html\error_exception.php' for inclusion (include_path='.;C:\php\pear') E:\wamp64\www\RAVI\songsmp3\system\core\Exceptions.php 219
ERROR - 2017-07-17 12:56:21 --> Severity: Notice --> Undefined variable: crud E:\wamp64\www\RAVI\songsmp3\application\modules\admin\controllers\Files.php 180
ERROR - 2017-07-17 14:24:16 --> Severity: Warning --> include(uploads/errors/html\error_general.php): failed to open stream: No such file or directory E:\wamp64\www\RAVI\songsmp3\system\core\Exceptions.php 182
ERROR - 2017-07-17 14:24:16 --> Severity: Warning --> include(): Failed opening 'uploads/errors/html\error_general.php' for inclusion (include_path='.;C:\php\pear') E:\wamp64\www\RAVI\songsmp3\system\core\Exceptions.php 182
