ERROR - 2017-07-12 06:49:57 --> Severity: error --> Exception: It seems that the folder "E:\wamp64\www\RAVI\songsmp3\E:\wamp64\www\RAVI\songsmp3\uploads/cat_images" for the field name
					"thumb" doesn't exists. Please create the folder and try again. E:\wamp64\www\RAVI\songsmp3\application\third_party\grocery_crud\libraries\Grocery_CRUD.php 5215
ERROR - 2017-07-12 06:49:57 --> Severity: Warning --> include(uploads/errors/html\error_exception.php): failed to open stream: No such file or directory E:\wamp64\www\RAVI\songsmp3\system\core\Exceptions.php 219
ERROR - 2017-07-12 06:49:57 --> Severity: Warning --> include(): Failed opening 'uploads/errors/html\error_exception.php' for inclusion (include_path='.;C:\php\pear') E:\wamp64\www\RAVI\songsmp3\system\core\Exceptions.php 219
ERROR - 2017-07-12 06:50:03 --> Severity: error --> Exception: It seems that the folder "E:\wamp64\www\RAVI\songsmp3\E:\wamp64\www\RAVI\songsmp3\/uploads/cat_images" for the field name
					"thumb" doesn't exists. Please create the folder and try again. E:\wamp64\www\RAVI\songsmp3\application\third_party\grocery_crud\libraries\Grocery_CRUD.php 5215
ERROR - 2017-07-12 06:50:03 --> Severity: Warning --> include(uploads/errors/html\error_exception.php): failed to open stream: No such file or directory E:\wamp64\www\RAVI\songsmp3\system\core\Exceptions.php 219
ERROR - 2017-07-12 06:50:03 --> Severity: Warning --> include(): Failed opening 'uploads/errors/html\error_exception.php' for inclusion (include_path='.;C:\php\pear') E:\wamp64\www\RAVI\songsmp3\system\core\Exceptions.php 219
ERROR - 2017-07-12 06:50:27 --> Severity: error --> Exception: It seems that the folder "E:\wamp64\www\RAVI\songsmp3\E:\wamp64\www\RAVI\songsmp3\uploads/cat_images" for the field name
					"thumb" doesn't exists. Please create the folder and try again. E:\wamp64\www\RAVI\songsmp3\application\third_party\grocery_crud\libraries\Grocery_CRUD.php 5215
ERROR - 2017-07-12 06:50:27 --> Severity: Warning --> include(uploads/errors/html\error_exception.php): failed to open stream: No such file or directory E:\wamp64\www\RAVI\songsmp3\system\core\Exceptions.php 219
ERROR - 2017-07-12 06:50:27 --> Severity: Warning --> include(): Failed opening 'uploads/errors/html\error_exception.php' for inclusion (include_path='.;C:\php\pear') E:\wamp64\www\RAVI\songsmp3\system\core\Exceptions.php 219
ERROR - 2017-07-12 08:02:33 --> Query error: Column 'name' in field list is ambiguous - Invalid query: SELECT *, name as sb068931c
FROM `category`
JOIN `pages` ON `category`.`id` = `pages`.`id`
WHERE `id` = '8'
ORDER BY `pages`.`name`
ERROR - 2017-07-12 08:02:33 --> Severity: Warning --> include(uploads/errors/html\error_db.php): failed to open stream: No such file or directory E:\wamp64\www\RAVI\songsmp3\system\core\Exceptions.php 182
ERROR - 2017-07-12 08:02:33 --> Severity: Warning --> include(): Failed opening 'uploads/errors/html\error_db.php' for inclusion (include_path='.;C:\php\pear') E:\wamp64\www\RAVI\songsmp3\system\core\Exceptions.php 182
ERROR - 2017-07-12 08:41:56 --> Query error: Table 'songs.tag' doesn't exist - Invalid query: SHOW COLUMNS FROM `tag`
ERROR - 2017-07-12 08:41:56 --> Severity: Warning --> include(uploads/errors/html\error_db.php): failed to open stream: No such file or directory E:\wamp64\www\RAVI\songsmp3\system\core\Exceptions.php 182
ERROR - 2017-07-12 08:41:56 --> Severity: Warning --> include(): Failed opening 'uploads/errors/html\error_db.php' for inclusion (include_path='.;C:\php\pear') E:\wamp64\www\RAVI\songsmp3\system\core\Exceptions.php 182
ERROR - 2017-07-12 11:04:40 --> Severity: Warning --> call_user_func() expects parameter 1 to be a valid callback, class 'Files' does not have a method 'reform_data' E:\wamp64\www\RAVI\songsmp3\application\third_party\grocery_crud\libraries\Grocery_CRUD.php 1112
ERROR - 2017-07-12 11:17:28 --> Severity: Notice --> Undefined property: CI::$Pages_model E:\wamp64\www\RAVI\songsmp3\application\third_party\MX\Controller.php 59
ERROR - 2017-07-12 11:26:05 --> Severity: Notice --> Undefined property: CI::$Pages_model E:\wamp64\www\RAVI\songsmp3\application\third_party\MX\Controller.php 59
ERROR - 2017-07-12 11:28:19 --> Severity: Warning --> include(uploads/errors/html\error_general.php): failed to open stream: No such file or directory E:\wamp64\www\RAVI\songsmp3\system\core\Exceptions.php 182
ERROR - 2017-07-12 11:28:19 --> Severity: Warning --> include(): Failed opening 'uploads/errors/html\error_general.php' for inclusion (include_path='.;C:\php\pear') E:\wamp64\www\RAVI\songsmp3\system\core\Exceptions.php 182
ERROR - 2017-07-12 11:29:12 --> Severity: Warning --> include(uploads/errors/html\error_general.php): failed to open stream: No such file or directory E:\wamp64\www\RAVI\songsmp3\system\core\Exceptions.php 182
ERROR - 2017-07-12 11:29:12 --> Severity: Warning --> include(): Failed opening 'uploads/errors/html\error_general.php' for inclusion (include_path='.;C:\php\pear') E:\wamp64\www\RAVI\songsmp3\system\core\Exceptions.php 182
ERROR - 2017-07-12 11:30:54 --> Severity: Notice --> Undefined variable: list E:\wamp64\www\RAVI\songsmp3\application\views\pages\page.php 1
ERROR - 2017-07-12 11:30:54 --> Severity: Notice --> Undefined variable: mPageTitle E:\wamp64\www\RAVI\songsmp3\application\views\pages\_partials\cat_detail_box.php 2
ERROR - 2017-07-12 11:30:54 --> Severity: Notice --> Undefined variable: title E:\wamp64\www\RAVI\songsmp3\application\views\pages\page.php 5
ERROR - 2017-07-12 11:31:16 --> Severity: Notice --> Undefined variable: list E:\wamp64\www\RAVI\songsmp3\application\views\pages\page.php 1
ERROR - 2017-07-12 11:31:16 --> Severity: Notice --> Undefined variable: mPageTitle E:\wamp64\www\RAVI\songsmp3\application\views\pages\_partials\cat_detail_box.php 2
ERROR - 2017-07-12 12:08:14 --> Query error: Unknown column 'ctag.page_id' in 'on clause' - Invalid query: SELECT 
		SQL_CALC_FOUND_ROWS
		  p.name,
		  p.slug
          FROM cat_pages ctag, tag_pages ptag
                  LEFT JOIN pages p ON (p.id = ctag.page_id || p.id = ptag.page_id )
                
         WHERE  ctag.page_id =  7 || ptag.page_id =  7 
         limit 0,500
ERROR - 2017-07-12 12:08:14 --> Severity: Warning --> include(uploads/errors/html\error_db.php): failed to open stream: No such file or directory E:\wamp64\www\RAVI\songsmp3\system\core\Exceptions.php 182
ERROR - 2017-07-12 12:08:14 --> Severity: Warning --> include(): Failed opening 'uploads/errors/html\error_db.php' for inclusion (include_path='.;C:\php\pear') E:\wamp64\www\RAVI\songsmp3\system\core\Exceptions.php 182
ERROR - 2017-07-12 12:08:46 --> Query error: Unknown column 'ctag.page_id' in 'on clause' - Invalid query: SELECT 
		SQL_CALC_FOUND_ROWS
		  p.name,
		  p.slug
          FROM cat_pages ctag, tag_pages ptag
                  LEFT JOIN pages p ON (p.id = ctag.page_id || p.id = ptag.page_id )
                
         WHERE  ctag.page_id =  7 || ptag.page_id =  7 
         limit 0,500
ERROR - 2017-07-12 12:08:46 --> Severity: Warning --> include(uploads/errors/html\error_db.php): failed to open stream: No such file or directory E:\wamp64\www\RAVI\songsmp3\system\core\Exceptions.php 182
ERROR - 2017-07-12 12:08:46 --> Severity: Warning --> include(): Failed opening 'uploads/errors/html\error_db.php' for inclusion (include_path='.;C:\php\pear') E:\wamp64\www\RAVI\songsmp3\system\core\Exceptions.php 182
ERROR - 2017-07-12 12:09:14 --> Query error: Unknown column 'ctag.page_id' in 'on clause' - Invalid query: SELECT 
		SQL_CALC_FOUND_ROWS
		  p.name,
		  p.slug
          FROM cat_pages ctag, tag_pages ptag
                  LEFT JOIN pages p ON (p.id = ctag.page_id || p.id = ptag.page_id )
                
         WHERE  ctag.page_id =  7 || ptag.page_id =  7 
         limit 0,500
ERROR - 2017-07-12 12:09:14 --> Severity: Warning --> include(uploads/errors/html\error_db.php): failed to open stream: No such file or directory E:\wamp64\www\RAVI\songsmp3\system\core\Exceptions.php 182
ERROR - 2017-07-12 12:09:14 --> Severity: Warning --> include(): Failed opening 'uploads/errors/html\error_db.php' for inclusion (include_path='.;C:\php\pear') E:\wamp64\www\RAVI\songsmp3\system\core\Exceptions.php 182
ERROR - 2017-07-12 12:09:32 --> Query error: Unknown column 'ctag.page_id' in 'on clause' - Invalid query: SELECT 
		SQL_CALC_FOUND_ROWS
		  p.name,
		  p.slug
          FROM cat_pages ctag, tag_pages ptag
                  LEFT JOIN pages p ON (p.id = ctag.page_id || p.id = ptag.page_id )
                
         WHERE  ctag.page_id =  7 || ptag.page_id =  7 
         limit 0,500
ERROR - 2017-07-12 12:09:32 --> Severity: Warning --> include(uploads/errors/html\error_db.php): failed to open stream: No such file or directory E:\wamp64\www\RAVI\songsmp3\system\core\Exceptions.php 182
ERROR - 2017-07-12 12:09:32 --> Severity: Warning --> include(): Failed opening 'uploads/errors/html\error_db.php' for inclusion (include_path='.;C:\php\pear') E:\wamp64\www\RAVI\songsmp3\system\core\Exceptions.php 182
ERROR - 2017-07-12 12:14:16 --> Query error: Unknown column 'ctag.page_id' in 'on clause' - Invalid query: SELECT 
		SQL_CALC_FOUND_ROWS
		  p.name,
		  p.slug,
		  ctag.*,
		  ptag.*
          FROM cat_pages ctag, tag_pages ptag
                  LEFT JOIN pages p ON (p.id = ctag.page_id || p.id = ptag.page_id )
                
         WHERE  ctag.page_id =  7 || ptag.page_id =  7 
         limit 0,500
ERROR - 2017-07-12 12:14:16 --> Severity: Warning --> include(uploads/errors/html\error_db.php): failed to open stream: No such file or directory E:\wamp64\www\RAVI\songsmp3\system\core\Exceptions.php 182
ERROR - 2017-07-12 12:14:16 --> Severity: Warning --> include(): Failed opening 'uploads/errors/html\error_db.php' for inclusion (include_path='.;C:\php\pear') E:\wamp64\www\RAVI\songsmp3\system\core\Exceptions.php 182
ERROR - 2017-07-12 12:16:58 --> Query error: Unknown column 'ctag.page_id' in 'on clause' - Invalid query: SELECT 
		SQL_CALC_FOUND_ROWS
		  p.name,
		  p.slug
          FROM cat_pages ctag, tag_pages ptag
                  LEFT JOIN pages p ON (p.id = ctag.page_id || p.id = ptag.page_id )
                
         WHERE  ctag.page_id =  7 || ptag.page_id =  7 
         limit 0,500
ERROR - 2017-07-12 12:16:58 --> Severity: Warning --> include(uploads/errors/html\error_db.php): failed to open stream: No such file or directory E:\wamp64\www\RAVI\songsmp3\system\core\Exceptions.php 182
ERROR - 2017-07-12 12:16:58 --> Severity: Warning --> include(): Failed opening 'uploads/errors/html\error_db.php' for inclusion (include_path='.;C:\php\pear') E:\wamp64\www\RAVI\songsmp3\system\core\Exceptions.php 182
ERROR - 2017-07-12 12:24:50 --> Query error: Unknown column 'p.page_id' in 'on clause' - Invalid query: SELECT 
		SQL_CALC_FOUND_ROWS
		  p.name,
		  p.slug
          FROM cat_pages ctag
                  LEFT JOIN pages p ON p.id = ctag.page_id 
                  LEFT JOIN tag_pages ptag ON p.page_id = p.id
                
         WHERE  ctag.cat_id =  6 
         limit 0,500
ERROR - 2017-07-12 12:24:50 --> Severity: Warning --> include(uploads/errors/html\error_db.php): failed to open stream: No such file or directory E:\wamp64\www\RAVI\songsmp3\system\core\Exceptions.php 182
ERROR - 2017-07-12 12:24:50 --> Severity: Warning --> include(): Failed opening 'uploads/errors/html\error_db.php' for inclusion (include_path='.;C:\php\pear') E:\wamp64\www\RAVI\songsmp3\system\core\Exceptions.php 182
ERROR - 2017-07-12 12:25:46 --> Query error: Unknown column 'ptag.tag' in 'field list' - Invalid query: SELECT 
		SQL_CALC_FOUND_ROWS
		  p.name,
		  p.slug,
		  ptag.tag
          FROM cat_pages ctag
                  LEFT JOIN pages p ON p.id = ctag.page_id 
                  LEFT JOIN tag_pages ptag ON ptag.page_id = p.id
                
         WHERE  ctag.cat_id =  7 
         limit 0,500
ERROR - 2017-07-12 12:25:46 --> Severity: Warning --> include(uploads/errors/html\error_db.php): failed to open stream: No such file or directory E:\wamp64\www\RAVI\songsmp3\system\core\Exceptions.php 182
ERROR - 2017-07-12 12:25:46 --> Severity: Warning --> include(): Failed opening 'uploads/errors/html\error_db.php' for inclusion (include_path='.;C:\php\pear') E:\wamp64\www\RAVI\songsmp3\system\core\Exceptions.php 182
ERROR - 2017-07-12 12:39:16 --> Query error: Unknown column 't.tag' in 'field list' - Invalid query: SELECT 
		SQL_CALC_FOUND_ROWS
		  p.name,
		  p.slug,
		  t.tag
          FROM cat_pages ctag,tag_pages ptag
                  LEFT JOIN pages p ON p.id = ctag.page_id 
                  
                
         WHERE  ctag.cat_id =  5 
         limit 0,500
ERROR - 2017-07-12 12:39:16 --> Severity: Warning --> include(uploads/errors/html\error_db.php): failed to open stream: No such file or directory E:\wamp64\www\RAVI\songsmp3\system\core\Exceptions.php 182
ERROR - 2017-07-12 12:39:16 --> Severity: Warning --> include(): Failed opening 'uploads/errors/html\error_db.php' for inclusion (include_path='.;C:\php\pear') E:\wamp64\www\RAVI\songsmp3\system\core\Exceptions.php 182
ERROR - 2017-07-12 12:48:54 --> Query error: You have an error in your SQL syntax; check the manual that corresponds to your MySQL server version for the right syntax to use near 'WHERE  cat_id =  5 )         
                
        
         limit 0,500' at line 9 - Invalid query: SELECT 
		SQL_CALC_FOUND_ROWS
		  p.name,
		  p.slug,
		  grop_concat(t.tag)
          FROM pages p                 
                  LEFT JOIN  tag_pages tp ON tp.page_id = p.id 
                   LEFT JOIN  tags tp ON t.id = tp.page_id 
          where p.id in(select page_id from cat_pages where  WHERE  cat_id =  5 )         
                
        
         limit 0,500
ERROR - 2017-07-12 12:48:54 --> Severity: Warning --> include(uploads/errors/html\error_db.php): failed to open stream: No such file or directory E:\wamp64\www\RAVI\songsmp3\system\core\Exceptions.php 182
ERROR - 2017-07-12 12:48:54 --> Severity: Warning --> include(): Failed opening 'uploads/errors/html\error_db.php' for inclusion (include_path='.;C:\php\pear') E:\wamp64\www\RAVI\songsmp3\system\core\Exceptions.php 182
